<?xml version="1.0" encoding="UTF-8" ?>
<testsuite errors="1" failures="0" hostname="LAPTOP-1TOV4OPU" name="BarriereTest" skipped="0" tests="1" time="0.0" timestamp="2019-06-21T12:35:26">
  <properties>
    <property name="java.vendor" value="Oracle Corporation" />
    <property name="sun.java.launcher" value="SUN_STANDARD" />
    <property name="sun.management.compiler" value="HotSpot Client Compiler" />
    <property name="dist" value="C:\Users\Alex\Desktop\QuoridorDuo\dist" />
    <property name="os.name" value="Windows 10" />
    <property name="sun.boot.class.path" value="C:\Program Files (x86)\Java\jre1.8.0_211\lib\resources.jar;C:\Program Files (x86)\Java\jre1.8.0_211\lib\rt.jar;C:\Program Files (x86)\Java\jre1.8.0_211\lib\sunrsasign.jar;C:\Program Files (x86)\Java\jre1.8.0_211\lib\jsse.jar;C:\Program Files (x86)\Java\jre1.8.0_211\lib\jce.jar;C:\Program Files (x86)\Java\jre1.8.0_211\lib\charsets.jar;C:\Program Files (x86)\Java\jre1.8.0_211\lib\jfr.jar;C:\Program Files (x86)\Java\jre1.8.0_211\classes" />
    <property name="sun.desktop" value="windows" />
    <property name="java.vm.specification.vendor" value="Oracle Corporation" />
    <property name="ant.home" value="C:\Users\Alex\Desktop\apache-ant-1.10.6" />
    <property name="java.runtime.version" value="1.8.0_211-b12" />
    <property name="test.build.dir" value="build/test" />
    <property name="user.name" value="Alex" />
    <property name="reports" value="reports" />
    <property name="user.language" value="fr" />
    <property name="build" value="C:\Users\Alex\Desktop\QuoridorDuo\build" />
    <property name="sun.boot.library.path" value="C:\Program Files (x86)\Java\jre1.8.0_211\bin" />
    <property name="ant.project.default-target" value="dist" />
    <property name="ant.file.Quoridor" value="C:\Users\Alex\Desktop\QuoridorDuo\build.xml" />
    <property name="ant.project.name" value="Quoridor" />
    <property name="java.version" value="1.8.0_211" />
    <property name="user.timezone" value="" />
    <property name="sun.arch.data.model" value="32" />
    <property name="test.src.dir" value="src/test" />
    <property name="java.endorsed.dirs" value="C:\Program Files (x86)\Java\jre1.8.0_211\lib\endorsed" />
    <property name="doc" value="C:\Users\Alex\Desktop\QuoridorDuo\doc" />
    <property name="sun.cpu.isalist" value="" />
    <property name="sun.jnu.encoding" value="Cp1252" />
    <property name="file.encoding.pkg" value="sun.io" />
    <property name="file.separator" value="\" />
    <property name="java.specification.name" value="Java Platform API Specification" />
    <property name="java.class.version" value="52.0" />
    <property name="src" value="C:\Users\Alex\Desktop\QuoridorDuo\src\quoridor" />
    <property name="user.country" value="FR" />
    <property name="java.home" value="C:\Program Files (x86)\Java\jre1.8.0_211" />
    <property name="java.vm.info" value="mixed mode, sharing" />
    <property name="ant.file" value="C:\Users\Alex\Desktop\QuoridorDuo\build.xml" />
    <property name="os.version" value="10.0" />
    <property name="path.separator" value=";" />
    <property name="java.vm.version" value="25.211-b12" />
    <property name="user.variant" value="" />
    <property name="ant.library.dir" value="C:\Users\Alex\Desktop\apache-ant-1.10.6\lib" />
    <property name="java.awt.printerjob" value="sun.awt.windows.WPrinterJob" />
    <property name="sun.io.unicode.encoding" value="UnicodeLittle" />
    <property name="awt.toolkit" value="sun.awt.windows.WToolkit" />
    <property name="sun.stdout.encoding" value="cp850" />
    <property name="user.script" value="" />
    <property name="user.home" value="C:\Users\Alex" />
    <property name="java.specification.vendor" value="Oracle Corporation" />
    <property name="java.library.path" value="C:\Program Files (x86)\Java\jre1.8.0_211\bin;C:\WINDOWS\Sun\Java\bin;C:\WINDOWS\system32;C:\WINDOWS;C:\oraclexe\app\oracle\product\11.2.0\server\bin;C:\Program Files (x86)\Common Files\Oracle\Java\javapath;C:\WINDOWS\system32;C:\WINDOWS;C:\WINDOWS\System32\Wbem;C:\WINDOWS\System32\WindowsPowerShell\v1.0\;C:\WINDOWS\System32\OpenSSH\;C:\Program Files\Java\jdk1.8.0_60\bin;C:\Program Files\Git\cmd;C:\Users\Alex\Desktop\apache-ant-1.10.6\bin;C:\Users\Alex\AppData\Local\atom\bin;." />
    <property name="java.vendor.url" value="http://java.oracle.com/" />
    <property name="java.vm.vendor" value="Oracle Corporation" />
    <property name="java.runtime.name" value="Java(TM) SE Runtime Environment" />
    <property name="sun.java.command" value="org.apache.tools.ant.taskdefs.optional.junit.JUnitTestRunner BarriereTest skipNonTests=false filtertrace=true haltOnError=false haltOnFailure=true formatter=org.apache.tools.ant.taskdefs.optional.junit.SummaryJUnitResultFormatter showoutput=false outputtoformatters=true logfailedtests=true threadid=0 logtestlistenerevents=false formatter=org.apache.tools.ant.taskdefs.optional.junit.XMLJUnitResultFormatter,C:\Users\Alex\Desktop\QuoridorDuo\reports\TEST-BarriereTest.xml crashfile=C:\Users\Alex\Desktop\QuoridorDuo\junitvmwatcher8942764619221472288.properties propsfile=C:\Users\Alex\Desktop\QuoridorDuo\junit1613328338859635978.properties" />
    <property name="java.class.path" value="C:\Users\Alex\Desktop\QuoridorDuo\ws\junit-4.13-beta-3.jar;C:\Users\Alex\Desktop\QuoridorDuo\ws\hamcrest-core-1.3.jar;C:\Users\Alex\Desktop\QuoridorDuo\src\test;C:\Users\Alex\Desktop\QuoridorDuo\build;C:\Users\Alex\Desktop\JUnit\junit-4.13-beta-3.jar;C:\Users\Alex\Desktop\JUnit\hamcrest-core-1.3.jar;C:\Users\Alex\Desktop\apache-ant-1.10.6\lib\ant-launcher.jar;C:\Users\Alex\Desktop\apache-ant-1.10.6\lib\ant.jar;C:\Users\Alex\Desktop\apache-ant-1.10.6\lib\ant-junit.jar;C:\Users\Alex\Desktop\apache-ant-1.10.6\lib\ant-junit4.jar" />
    <property name="ant.version" value="Apache Ant(TM) version 1.10.6 compiled on May 2 2019" />
    <property name="java.vm.specification.name" value="Java Virtual Machine Specification" />
    <property name="ant.file.type" value="file" />
    <property name="java.vm.specification.version" value="1.8" />
    <property name="sun.cpu.endian" value="little" />
    <property name="sun.os.patch.level" value="" />
    <property name="java.io.tmpdir" value="C:\Users\Alex\AppData\Local\Temp\" />
    <property name="java.vendor.url.bug" value="http://bugreport.sun.com/bugreport/" />
    <property name="os.arch" value="x86" />
    <property name="java.awt.graphicsenv" value="sun.awt.Win32GraphicsEnvironment" />
    <property name="java.ext.dirs" value="C:\Program Files (x86)\Java\jre1.8.0_211\lib\ext;C:\WINDOWS\Sun\Java\lib\ext" />
    <property name="user.dir" value="C:\Users\Alex\Desktop\QuoridorDuo" />
    <property name="line.separator" value="&#xd;&#xa;" />
    <property name="java.vm.name" value="Java HotSpot(TM) Client VM" />
    <property name="basedir" value="C:\Users\Alex\Desktop\QuoridorDuo" />
    <property name="ant.java.version" value="1.8" />
    <property name="ant.core.lib" value="C:\Users\Alex\Desktop\apache-ant-1.10.6\lib\ant.jar" />
    <property name="file.encoding" value="Cp1252" />
    <property name="sun.stderr.encoding" value="cp850" />
    <property name="ant.file.type.Quoridor" value="file" />
    <property name="java.specification.version" value="1.8" />
    <property name="ant.project.invoked-targets" value="test" />
  </properties>
  <error message="BarriereTest" type="java.lang.ClassNotFoundException">java.lang.ClassNotFoundException: BarriereTest
	at java.net.URLClassLoader.findClass(Unknown Source)
	at java.lang.ClassLoader.loadClass(Unknown Source)
	at sun.misc.Launcher$AppClassLoader.loadClass(Unknown Source)
	at java.lang.ClassLoader.loadClass(Unknown Source)
	at java.lang.Class.forName0(Native Method)
	at java.lang.Class.forName(Unknown Source)
</error>
  <system-out><![CDATA[]]></system-out>
  <system-err><![CDATA[]]></system-err>
</testsuite>
